[2026-02-20T15:58:04.238Z] [INFO] K8 Automation API running on port 5000
[2026-02-20T15:58:04.240Z] [INFO] Environment: development
[2026-02-20T15:58:04.240Z] [INFO] URL: http://localhost:5000/api/health
[2026-02-20T15:58:04.256Z] [INFO] MongoDB connected successfully to localhost:27017
[2026-02-20T15:58:04.256Z] [INFO] Database: k8automation
[2026-02-20T15:59:00.380Z] [INFO] K8 Automation API running on port 5000
[2026-02-20T15:59:00.381Z] [INFO] Environment: development
[2026-02-20T15:59:00.382Z] [INFO] URL: http://localhost:5000/api/health
[2026-02-20T15:59:00.397Z] [INFO] MongoDB connected successfully to localhost:27017
[2026-02-20T15:59:00.397Z] [INFO] Database: k8automation
[2026-02-20T16:00:28.141Z] [DEBUG] JWT token generated successfully
[2026-02-20T16:00:28.250Z] [INFO] User logged in: admin@k8automation.io
[2026-02-20T16:00:35.951Z] [INFO] User logged out: admin@k8automation.io
[2026-02-20T19:30:43.933Z] [INFO] K8 Automation API running on port 5000
[2026-02-20T19:30:43.934Z] [INFO] Environment: development
[2026-02-20T19:30:43.935Z] [INFO] URL: http://localhost:5000/api/health
[2026-02-20T19:30:43.946Z] [INFO] MongoDB connected successfully to localhost:27017
[2026-02-20T19:30:43.947Z] [INFO] Database: k8automation
[2026-02-20T19:31:24.771Z] [DEBUG] JWT token generated successfully
[2026-02-20T19:31:24.806Z] [INFO] User logged in: admin@k8automation.io
[2026-02-20T19:35:03.174Z] [INFO] User logged out: admin@k8automation.io
[2026-02-20T19:36:06.543Z] [DEBUG] JWT token generated successfully
[2026-02-20T19:36:06.545Z] [INFO] User logged in: admin@test.com
[2026-02-20T19:36:40.826Z] [INFO] User logged out: admin@test.com
[2026-02-20T19:37:03.076Z] [WARN] Login attempt with incorrect password for: kosa@test.com
[2026-02-20T19:37:08.216Z] [WARN] Login attempt with incorrect password for: kosa@test.com
[2026-02-20T19:37:13.618Z] [WARN] Login attempt with incorrect password for: kosa@test.com
[2026-02-20T19:37:17.535Z] [WARN] Login attempt with incorrect password for: kosa@test.com
[2026-02-20T19:37:23.708Z] [WARN] Login attempt with incorrect password for: kosa@test.com
[2026-02-20T19:37:41.469Z] [DEBUG] JWT token generated successfully
[2026-02-20T19:37:41.471Z] [INFO] User logged in: admin@k8automation.io
[2026-02-20T20:07:14.449Z] [INFO] User logged out: admin@k8automation.io
[2026-02-20T20:07:39.891Z] [DEBUG] JWT token generated successfully
[2026-02-20T20:07:39.893Z] [INFO] New user registered: test@test.com
[2026-02-20T20:14:48.968Z] [INFO] K8 Automation API running on port 5000
[2026-02-20T20:14:48.969Z] [INFO] Environment: development
[2026-02-20T20:14:48.970Z] [INFO] URL: http://localhost:5000/api/health
[2026-02-20T20:14:48.979Z] [INFO] MongoDB connected successfully to localhost:27017
[2026-02-20T20:14:48.979Z] [INFO] Database: k8automation
[2026-02-20T20:15:14.418Z] [INFO] User logged out: test@test.com
[2026-02-20T20:16:15.490Z] [DEBUG] JWT token generated successfully
[2026-02-20T20:16:15.493Z] [INFO] User logged in: admin@k8automation.io
[2026-02-20T20:19:29.224Z] [INFO] K8 Automation API running on port 5000
[2026-02-20T20:19:29.225Z] [INFO] Environment: development
[2026-02-20T20:19:29.225Z] [INFO] URL: http://localhost:5000/api/health
[2026-02-20T20:19:29.237Z] [INFO] MongoDB connected successfully to localhost:27017
[2026-02-20T20:19:29.238Z] [INFO] Database: k8automation
[2026-02-20T20:19:59.204Z] [INFO] User logged out: admin@k8automation.io
[2026-02-20T20:20:09.061Z] [DEBUG] JWT token generated successfully
[2026-02-20T20:20:09.064Z] [INFO] User logged in: admin@k8automation.io
[2026-02-20T20:20:27.510Z] [INFO] User logged out: admin@k8automation.io
[2026-02-20T20:20:41.926Z] [DEBUG] JWT token generated successfully
[2026-02-20T20:20:41.929Z] [INFO] User logged in: admin@test.com
[2026-02-20T20:22:57.496Z] [INFO] User logged out: admin@test.com
[2026-02-20T20:25:06.680Z] [DEBUG] JWT token generated successfully
[2026-02-20T20:25:06.682Z] [INFO] User logged in: admin@k8automation.io
[2026-02-20T20:29:07.300Z] [INFO] SIGINT signal received: closing HTTP server
[2026-02-20T20:29:07.302Z] [INFO] HTTP server closed
[2026-02-20T20:29:12.205Z] [INFO] K8 Automation API running on port 5000
[2026-02-20T20:29:12.206Z] [INFO] Environment: development
[2026-02-20T20:29:12.206Z] [INFO] URL: http://localhost:5000/api/health
[2026-02-20T20:29:12.217Z] [INFO] MongoDB connected successfully to localhost:27017
[2026-02-20T20:29:12.217Z] [INFO] Database: k8automation
[2026-02-20T20:29:18.922Z] [INFO] User logged out: admin@k8automation.io
[2026-02-20T20:29:39.082Z] [DEBUG] JWT token generated successfully
[2026-02-20T20:29:39.085Z] [INFO] User logged in: admin@k8automation.io
[2026-02-20T20:32:27.979Z] [INFO] K8 Automation API running on port 5000
[2026-02-20T20:32:27.981Z] [INFO] Environment: development
[2026-02-20T20:32:27.981Z] [INFO] URL: http://localhost:5000/api/health
[2026-02-20T20:32:27.990Z] [INFO] MongoDB connected successfully to localhost:27017
[2026-02-20T20:32:27.991Z] [INFO] Database: k8automation
[2026-02-20T20:32:48.398Z] [INFO] K8 Automation API running on port 5000
[2026-02-20T20:32:48.399Z] [INFO] Environment: development
[2026-02-20T20:32:48.400Z] [INFO] URL: http://localhost:5000/api/health
[2026-02-20T20:32:48.413Z] [INFO] MongoDB connected successfully to localhost:27017
[2026-02-20T20:32:48.414Z] [INFO] Database: k8automation
[2026-02-20T20:33:37.286Z] [INFO] User logged out: admin@k8automation.io
[2026-02-20T20:35:44.303Z] [DEBUG] JWT token generated successfully
[2026-02-20T20:35:44.306Z] [INFO] User logged in: admin@k8automation.io
[2026-02-20T20:36:42.522Z] [INFO] User logged out: admin@k8automation.io
[2026-02-20T20:38:50.957Z] [DEBUG] JWT token generated successfully
[2026-02-20T20:38:50.959Z] [INFO] User logged in: admin@k8automation.io
[2026-02-20T20:39:51.025Z] [INFO] User logged out: admin@k8automation.io
[2026-02-20T20:40:16.384Z] [DEBUG] JWT token generated successfully
[2026-02-20T20:40:16.386Z] [INFO] User logged in: admin@test.com
[2026-02-20T20:40:41.543Z] [INFO] User logged out: admin@test.com
[2026-02-20T20:40:50.734Z] [WARN] Login attempt with incorrect password for: test@test.com
[2026-02-20T20:40:54.625Z] [WARN] Login attempt with incorrect password for: test@test.com
[2026-02-20T20:41:11.459Z] [DEBUG] JWT token generated successfully
[2026-02-20T20:41:11.462Z] [INFO] New user registered: adelabubker245@gmail.com
[2026-02-20T20:42:11.302Z] [INFO] User logged out: adelabubker245@gmail.com
[2026-02-20T20:54:20.525Z] [INFO] K8 Automation API running on port 5000
[2026-02-20T20:54:20.527Z] [INFO] Environment: development
[2026-02-20T20:54:20.527Z] [INFO] URL: http://localhost:5000/api/health
[2026-02-20T20:54:20.586Z] [INFO] MongoDB connected successfully to localhost:27017
[2026-02-20T20:54:20.586Z] [INFO] Database: k8automation
[2026-02-22T14:41:36.934Z] [INFO] K8 Automation API running on port 5000
[2026-02-22T14:41:36.946Z] [INFO] Environment: development
[2026-02-22T14:41:36.947Z] [INFO] URL: http://localhost:5000/api/health
[2026-02-22T14:41:36.952Z] [ERROR] MongoDB Connection Error (Attempt 1/3): Server selection timed out after 5000 ms
[2026-02-22T14:41:36.952Z] [INFO] Retrying in 2 seconds...
[2026-02-22T14:41:38.997Z] [INFO] MongoDB connected successfully to localhost:27017
[2026-02-22T14:41:38.997Z] [INFO] Database: k8automation
[2026-02-22T14:42:06.051Z] [DEBUG] JWT token generated successfully
[2026-02-22T14:42:06.059Z] [INFO] User logged in: admin@k8automation.io
[2026-02-22T14:42:37.471Z] [INFO] User logged out: admin@k8automation.io
